app/build/intermediates/manifest_merge_blame_file/debug/manifest-merger-blame-debug-report.txt
1<?xml version="1.0" encoding="utf-8"?>
2<manifest xmlns:android="http://schemas.android.com/apk/res/android"
3    package="com.barisic.news"
4    android:versionCode="1"
5    android:versionName="1.0" >
6
7    <uses-sdk
8        android:minSdkVersion="21"
8-->src\main\AndroidManifest.xml
9        android:targetSdkVersion="29" />
9-->src\main\AndroidManifest.xml
10
11    <uses-permission android:name="android.permission.INTERNET" />
11-->src\main\AndroidManifest.xml:6:5-67
11-->src\main\AndroidManifest.xml:6:22-64
12
13    <application
13-->src\main\AndroidManifest.xml:8:5-26:19
14        android:name="com.barisic.news.App"
14-->src\main\AndroidManifest.xml:9:9-28
15        android:allowBackup="true"
15-->src\main\AndroidManifest.xml:10:9-35
16        android:appComponentFactory="androidx.core.app.CoreComponentFactory"
16-->[androidx.core:core:1.3.2] AndroidManifest.xml:24:18-86
17        android:debuggable="true"
18        android:fullBackupContent="@xml/backup_descriptor"
18-->src\main\AndroidManifest.xml:11:9-59
19        android:icon="@drawable/ic_app_logo"
19-->src\main\AndroidManifest.xml:12:9-45
20        android:label="@string/app_name"
20-->src\main\AndroidManifest.xml:13:9-41
21        android:roundIcon="@drawable/ic_app_logo"
21-->src\main\AndroidManifest.xml:14:9-50
22        android:supportsRtl="true"
22-->src\main\AndroidManifest.xml:15:9-35
23        android:testOnly="true"
24        android:theme="@style/AppTheme"
24-->src\main\AndroidManifest.xml:16:9-40
25        android:usesCleartextTraffic="true" >
25-->src\main\AndroidManifest.xml:17:9-44
26        <activity android:name="com.barisic.news.view.activities.MainActivity" >
26-->src\main\AndroidManifest.xml:19:9-25:20
26-->src\main\AndroidManifest.xml:19:19-63
27            <intent-filter>
27-->src\main\AndroidManifest.xml:20:13-24:29
28                <action android:name="android.intent.action.MAIN" />
28-->src\main\AndroidManifest.xml:21:17-69
28-->src\main\AndroidManifest.xml:21:25-66
29
30                <category android:name="android.intent.category.LAUNCHER" />
30-->src\main\AndroidManifest.xml:23:17-77
30-->src\main\AndroidManifest.xml:23:27-74
31            </intent-filter>
32        </activity>
33
34        <provider
34-->[com.squareup.picasso:picasso:2.71828] AndroidManifest.xml:8:9-11:40
35            android:name="com.squareup.picasso.PicassoProvider"
35-->[com.squareup.picasso:picasso:2.71828] AndroidManifest.xml:9:13-64
36            android:authorities="com.barisic.news.com.squareup.picasso"
36-->[com.squareup.picasso:picasso:2.71828] AndroidManifest.xml:10:13-72
37            android:exported="false" />
37-->[com.squareup.picasso:picasso:2.71828] AndroidManifest.xml:11:13-37
38
39        <service
39-->[androidx.room:room-runtime:2.2.5] AndroidManifest.xml:25:9-28:40
40            android:name="androidx.room.MultiInstanceInvalidationService"
40-->[androidx.room:room-runtime:2.2.5] AndroidManifest.xml:26:13-74
41            android:directBootAware="true"
41-->[androidx.room:room-runtime:2.2.5] AndroidManifest.xml:27:13-43
42            android:exported="false" />
42-->[androidx.room:room-runtime:2.2.5] AndroidManifest.xml:28:13-37
43
44        <provider
44-->[net.grandcentrix.tray:tray:0.12.0] AndroidManifest.xml:12:9-16:44
45            android:name="net.grandcentrix.tray.provider.TrayContentProvider"
45-->[net.grandcentrix.tray:tray:0.12.0] AndroidManifest.xml:13:13-78
46            android:authorities="com.barisic.news.tray"
46-->[net.grandcentrix.tray:tray:0.12.0] AndroidManifest.xml:14:13-56
47            android:exported="false"
47-->[net.grandcentrix.tray:tray:0.12.0] AndroidManifest.xml:15:13-37
48            android:multiprocess="false" />
48-->[net.grandcentrix.tray:tray:0.12.0] AndroidManifest.xml:16:13-41
49    </application>
50
51</manifest>